06_07_2024 06:43:47 PM - file_reader - <module> - INFO: Resolved file path: D:\Playwright_API_Python_Framework\testData\createAuth.json
06_07_2024 06:43:47 PM - file_reader - <module> - INFO: Reading file from path: D:\Playwright_API_Python_Framework\testData\createAuth.json
06_07_2024 06:43:47 PM - file_reader - <module> - INFO: Successfully read data from file: createAuth.json
06_07_2024 06:43:49 PM - conftest - <module> - INFO: testcase start now .....
06_07_2024 06:43:49 PM - api_actions - <module> - INFO: Performing POST request to https://restful-booker.herokuapp.com/auth with payload: {'username': 'admin', 'password': 'password123'} and headers: {'Content-Type': 'application/json'}
06_07_2024 06:43:52 PM - api_utilities - <module> - INFO: API executed successfully and the response code: 200
06_07_2024 06:43:52 PM - api_validations - <module> - INFO: Expected response code: 200 is matches the actual code: 200
06_07_2024 06:43:52 PM - api_utilities - <module> - INFO: API executed successfully and the response data is {'token': '16cd37c7ae590dc'}
06_07_2024 06:43:52 PM - api_validations - <module> - INFO: Schema validation passed.
06_07_2024 06:43:52 PM - api_utilities - <module> - INFO: API executed successfully and the response data is {'token': '16cd37c7ae590dc'}
06_07_2024 06:43:52 PM - api_utilities - <module> - INFO: API executed successfully and the response value in token is 16cd37c7ae590dc
06_07_2024 06:43:52 PM - Shared_API_Data - <module> - INFO: Setting data for key: token_id with value: 16cd37c7ae590dc
06_07_2024 06:43:52 PM - Shared_API_Data - <module> - INFO: Current data state: {'token_id': '16cd37c7ae590dc'}
06_07_2024 06:43:52 PM - api_actions - <module> - INFO: Performing POST request to https://restful-booker.herokuapp.com/auth with payload: {'username': 'Dipankar', 'password': 'Dipankar'} and headers: {'Content-Type': 'application/json'}
06_07_2024 06:43:53 PM - api_utilities - <module> - INFO: API executed successfully and the response code: 200
06_07_2024 06:43:53 PM - api_validations - <module> - INFO: Expected response code: 200 is matches the actual code: 200
06_07_2024 06:43:53 PM - api_utilities - <module> - INFO: API executed successfully and the response data is {'reason': 'Bad credentials'}
06_07_2024 06:43:53 PM - api_validations - <module> - INFO: Schema validation passed.
06_07_2024 06:43:53 PM - api_actions - <module> - INFO: Performing POST request to https://restful-booker.herokuapp.com/auth with payload: {'username': 'Dipankar', 'password': ''} and headers: {'Content-Type': 'application/json'}
06_07_2024 06:43:54 PM - api_utilities - <module> - INFO: API executed successfully and the response code: 200
06_07_2024 06:43:54 PM - api_validations - <module> - INFO: Expected response code: 200 is matches the actual code: 200
06_07_2024 06:43:54 PM - api_utilities - <module> - INFO: API executed successfully and the response data is {'reason': 'Bad credentials'}
06_07_2024 06:43:54 PM - api_validations - <module> - INFO: Schema validation passed.
06_07_2024 06:43:54 PM - api_actions - <module> - INFO: Performing POST request to https://restful-booker.herokuapp.com/auth with payload: {'username': '', 'password': ''} and headers: {'Content-Type': 'application/json'}
06_07_2024 06:43:55 PM - api_utilities - <module> - INFO: API executed successfully and the response code: 200
06_07_2024 06:43:55 PM - api_validations - <module> - INFO: Expected response code: 200 is matches the actual code: 200
06_07_2024 06:43:55 PM - api_utilities - <module> - INFO: API executed successfully and the response data is {'reason': 'Bad credentials'}
06_07_2024 06:43:55 PM - api_validations - <module> - INFO: Schema validation passed.
06_07_2024 06:43:55 PM - api_actions - <module> - INFO: Performing POST request to https://restful-booker.herokuapp.com/auth with payload: {} and headers: {'Content-Type': 'application/json'}
06_07_2024 06:43:56 PM - api_utilities - <module> - INFO: API executed successfully and the response code: 200
06_07_2024 06:43:56 PM - api_validations - <module> - INFO: Expected response code: 200 is matches the actual code: 200
06_07_2024 06:43:56 PM - api_utilities - <module> - INFO: API executed successfully and the response data is {'reason': 'Bad credentials'}
06_07_2024 06:43:56 PM - api_validations - <module> - INFO: Schema validation passed.
06_07_2024 06:43:56 PM - conftest - <module> - INFO: testcase End now .....
