05_07_2024 03:11:44 PM - file_reader - <module> - INFO: Resolved file path: D:\Playwright_API_Python_Framework\testData\createAuth.json
05_07_2024 03:11:44 PM - file_reader - <module> - INFO: Reading file from path: D:\Playwright_API_Python_Framework\testData\createAuth.json
05_07_2024 03:11:44 PM - file_reader - <module> - INFO: Successfully read data from file: createAuth.json
05_07_2024 03:11:44 PM - file_reader - <module> - INFO: Resolved file path: D:\Playwright_API_Python_Framework\testData\createBooking.json
05_07_2024 03:11:44 PM - file_reader - <module> - INFO: Reading file from path: D:\Playwright_API_Python_Framework\testData\createBooking.json
05_07_2024 03:11:44 PM - file_reader - <module> - INFO: Successfully read data from file: createBooking.json
05_07_2024 03:11:44 PM - file_reader - <module> - INFO: Resolved file path: D:\Playwright_API_Python_Framework\testData\updateBooking.json
05_07_2024 03:11:44 PM - file_reader - <module> - INFO: Reading file from path: D:\Playwright_API_Python_Framework\testData\updateBooking.json
05_07_2024 03:11:44 PM - file_reader - <module> - INFO: Successfully read data from file: updateBooking.json
05_07_2024 03:11:44 PM - file_reader - <module> - INFO: Resolved file path: D:\Playwright_API_Python_Framework\testData\getBookingByID.json
05_07_2024 03:11:44 PM - file_reader - <module> - INFO: Reading file from path: D:\Playwright_API_Python_Framework\testData\getBookingByID.json
05_07_2024 03:11:44 PM - file_reader - <module> - INFO: Successfully read data from file: getBookingByID.json
05_07_2024 03:11:44 PM - file_reader - <module> - INFO: Resolved file path: D:\Playwright_API_Python_Framework\testData\deleteBookingByID.json
05_07_2024 03:11:44 PM - file_reader - <module> - INFO: Reading file from path: D:\Playwright_API_Python_Framework\testData\deleteBookingByID.json
05_07_2024 03:11:44 PM - file_reader - <module> - INFO: Successfully read data from file: deleteBookingByID.json
05_07_2024 03:11:45 PM - conftest - <module> - INFO: testcase start now .....
05_07_2024 03:11:45 PM - api_actions - <module> - INFO: Performing POST request to https://restful-booker.herokuapp.com/auth with payload: {'username': 'admin', 'password': 'password123'} and headers: {'Content-Type': 'application/json'}
05_07_2024 03:11:49 PM - api_utilities - <module> - INFO: API executed successfully and the response code: 200
05_07_2024 03:11:49 PM - api_validations - <module> - INFO: Expected response code: 200 is matches the actual code: 200
05_07_2024 03:11:49 PM - api_utilities - <module> - INFO: API executed successfully and the response data is {'token': '16aa9a1acfe107b'}
05_07_2024 03:11:49 PM - api_validations - <module> - INFO: Schema validation passed.
05_07_2024 03:11:49 PM - api_utilities - <module> - INFO: API executed successfully and the response data is {'token': '16aa9a1acfe107b'}
05_07_2024 03:11:49 PM - api_utilities - <module> - INFO: API executed successfully and the response value in token is 16aa9a1acfe107b
05_07_2024 03:11:49 PM - Shared_API_Data - <module> - INFO: Setting data for key: token_id with value: 16aa9a1acfe107b
05_07_2024 03:11:49 PM - Shared_API_Data - <module> - INFO: Current data state: {'token_id': '16aa9a1acfe107b'}
05_07_2024 03:11:49 PM - api_actions - <module> - INFO: Performing POST request to https://restful-booker.herokuapp.com/booking with payload: {'firstname': 'Robert', 'lastname': 'Bradley', 'totalprice': 111, 'depositpaid': True, 'bookingdates': {'checkin': '2018-01-01', 'checkout': '2019-01-01'}, 'additionalneeds': 'Dinner'} and headers: {'Content-Type': 'application/json', 'Authorization': 'Bearer '}
05_07_2024 03:11:50 PM - api_utilities - <module> - INFO: API executed successfully and the response code: 200
05_07_2024 03:11:50 PM - api_validations - <module> - INFO: Expected response code: 200 is matches the actual code: 200
05_07_2024 03:11:50 PM - api_utilities - <module> - INFO: API executed successfully and the response data is {'bookingid': 79, 'booking': {'firstname': 'Robert', 'lastname': 'Bradley', 'totalprice': 111, 'depositpaid': True, 'bookingdates': {'checkin': '2018-01-01', 'checkout': '2019-01-01'}, 'additionalneeds': 'Dinner'}}
05_07_2024 03:11:50 PM - api_utilities - <module> - INFO: API executed successfully and the response value in booking.firstname is Robert
05_07_2024 03:11:50 PM - api_validations - <module> - INFO: Robert is present in the response
05_07_2024 03:11:50 PM - api_utilities - <module> - INFO: API executed successfully and the response data is {'bookingid': 79, 'booking': {'firstname': 'Robert', 'lastname': 'Bradley', 'totalprice': 111, 'depositpaid': True, 'bookingdates': {'checkin': '2018-01-01', 'checkout': '2019-01-01'}, 'additionalneeds': 'Dinner'}}
05_07_2024 03:11:50 PM - api_utilities - <module> - INFO: API executed successfully and the response value in booking.lastname is Bradley
05_07_2024 03:11:50 PM - api_validations - <module> - INFO: Bradley is present in the response
05_07_2024 03:11:50 PM - api_utilities - <module> - INFO: API executed successfully and the response data is {'bookingid': 79, 'booking': {'firstname': 'Robert', 'lastname': 'Bradley', 'totalprice': 111, 'depositpaid': True, 'bookingdates': {'checkin': '2018-01-01', 'checkout': '2019-01-01'}, 'additionalneeds': 'Dinner'}}
05_07_2024 03:11:50 PM - api_validations - <module> - INFO: Schema validation passed.
05_07_2024 03:11:50 PM - api_utilities - <module> - INFO: API executed successfully and the response data is {'bookingid': 79, 'booking': {'firstname': 'Robert', 'lastname': 'Bradley', 'totalprice': 111, 'depositpaid': True, 'bookingdates': {'checkin': '2018-01-01', 'checkout': '2019-01-01'}, 'additionalneeds': 'Dinner'}}
05_07_2024 03:11:50 PM - api_utilities - <module> - INFO: API executed successfully and the response value in bookingid is 79
05_07_2024 03:11:50 PM - Shared_API_Data - <module> - INFO: Setting data for key: booking_id with value: 79
05_07_2024 03:11:50 PM - Shared_API_Data - <module> - INFO: Current data state: {'token_id': '16aa9a1acfe107b', 'booking_id': 79}
05_07_2024 03:11:50 PM - Shared_API_Data - <module> - INFO: Setting data for key: first_name with value: Larry
05_07_2024 03:11:50 PM - Shared_API_Data - <module> - INFO: Current data state: {'token_id': '16aa9a1acfe107b', 'booking_id': 79, 'first_name': 'Larry'}
05_07_2024 03:11:50 PM - Shared_API_Data - <module> - INFO: Setting data for key: last_name with value: Cardenas
05_07_2024 03:11:50 PM - Shared_API_Data - <module> - INFO: Current data state: {'token_id': '16aa9a1acfe107b', 'booking_id': 79, 'first_name': 'Larry', 'last_name': 'Cardenas'}
05_07_2024 03:11:50 PM - Shared_API_Data - <module> - INFO: Setting data for key: totalprice with value: 111
05_07_2024 03:11:50 PM - Shared_API_Data - <module> - INFO: Current data state: {'token_id': '16aa9a1acfe107b', 'booking_id': 79, 'first_name': 'Larry', 'last_name': 'Cardenas', 'totalprice': 111}
05_07_2024 03:11:50 PM - Shared_API_Data - <module> - INFO: Setting data for key: additionalneeds with value: Dinner
05_07_2024 03:11:50 PM - Shared_API_Data - <module> - INFO: Current data state: {'token_id': '16aa9a1acfe107b', 'booking_id': 79, 'first_name': 'Larry', 'last_name': 'Cardenas', 'totalprice': 111, 'additionalneeds': 'Dinner'}
05_07_2024 03:11:50 PM - Shared_API_Data - <module> - INFO: Retrieved data for key: token_id with value: 16aa9a1acfe107b
05_07_2024 03:11:50 PM - Shared_API_Data - <module> - INFO: Retrieved data for key: booking_id with value: 79
05_07_2024 03:11:50 PM - api_actions - <module> - INFO: Performing PUT request to https://restful-booker.herokuapp.com/booking/79 with payload: {'firstname': 'Larry', 'lastname': 'Cardenas', 'totalprice': 111, 'depositpaid': True, 'bookingdates': {'checkin': '2018-01-01', 'checkout': '2019-01-01'}, 'additionalneeds': 'Dinner'} and headers: {'Content-Type': 'application/json', 'Cookie': 'token=16aa9a1acfe107b'}
05_07_2024 03:11:51 PM - api_utilities - <module> - INFO: API executed successfully and the response code: 200
05_07_2024 03:11:51 PM - api_validations - <module> - INFO: Expected response code: 200 is matches the actual code: 200
05_07_2024 03:11:51 PM - api_utilities - <module> - INFO: API executed successfully and the response data is {'firstname': 'Larry', 'lastname': 'Cardenas', 'totalprice': 111, 'depositpaid': True, 'bookingdates': {'checkin': '2018-01-01', 'checkout': '2019-01-01'}, 'additionalneeds': 'Dinner'}
05_07_2024 03:11:51 PM - api_utilities - <module> - INFO: API executed successfully and the response value in firstname is Larry
05_07_2024 03:11:51 PM - api_validations - <module> - INFO: Larry is present in the response
05_07_2024 03:11:51 PM - api_utilities - <module> - INFO: API executed successfully and the response data is {'firstname': 'Larry', 'lastname': 'Cardenas', 'totalprice': 111, 'depositpaid': True, 'bookingdates': {'checkin': '2018-01-01', 'checkout': '2019-01-01'}, 'additionalneeds': 'Dinner'}
05_07_2024 03:11:51 PM - api_utilities - <module> - INFO: API executed successfully and the response value in lastname is Cardenas
05_07_2024 03:11:51 PM - api_validations - <module> - INFO: Cardenas is present in the response
05_07_2024 03:11:51 PM - api_utilities - <module> - INFO: API executed successfully and the response data is {'firstname': 'Larry', 'lastname': 'Cardenas', 'totalprice': 111, 'depositpaid': True, 'bookingdates': {'checkin': '2018-01-01', 'checkout': '2019-01-01'}, 'additionalneeds': 'Dinner'}
05_07_2024 03:11:51 PM - api_validations - <module> - INFO: Schema validation passed.
05_07_2024 03:11:51 PM - Shared_API_Data - <module> - INFO: Retrieved data for key: booking_id with value: 79
05_07_2024 03:11:51 PM - api_actions - <module> - INFO: Performing GET request to https://restful-booker.herokuapp.com/booking/79 with query_params: None and headers: {'Content-Type': 'application/json'}
05_07_2024 03:11:52 PM - api_utilities - <module> - INFO: API executed successfully and the response code: 200
05_07_2024 03:11:52 PM - api_validations - <module> - INFO: Expected response code: 200 is matches the actual code: 200
05_07_2024 03:11:52 PM - Shared_API_Data - <module> - INFO: Retrieved data for key: first_name with value: Larry
05_07_2024 03:11:52 PM - api_utilities - <module> - INFO: API executed successfully and the response data is {'firstname': 'Larry', 'lastname': 'Cardenas', 'totalprice': 111, 'depositpaid': True, 'bookingdates': {'checkin': '2018-01-01', 'checkout': '2019-01-01'}, 'additionalneeds': 'Dinner'}
05_07_2024 03:11:52 PM - api_utilities - <module> - INFO: API executed successfully and the response value in firstname is Larry
05_07_2024 03:11:52 PM - api_validations - <module> - INFO: Larry is present in the response
05_07_2024 03:11:52 PM - Shared_API_Data - <module> - INFO: Retrieved data for key: last_name with value: Cardenas
05_07_2024 03:11:52 PM - api_utilities - <module> - INFO: API executed successfully and the response data is {'firstname': 'Larry', 'lastname': 'Cardenas', 'totalprice': 111, 'depositpaid': True, 'bookingdates': {'checkin': '2018-01-01', 'checkout': '2019-01-01'}, 'additionalneeds': 'Dinner'}
05_07_2024 03:11:52 PM - api_utilities - <module> - INFO: API executed successfully and the response value in lastname is Cardenas
05_07_2024 03:11:52 PM - api_validations - <module> - INFO: Cardenas is present in the response
05_07_2024 03:11:52 PM - Shared_API_Data - <module> - INFO: Retrieved data for key: totalprice with value: 111
05_07_2024 03:11:52 PM - api_utilities - <module> - INFO: API executed successfully and the response data is {'firstname': 'Larry', 'lastname': 'Cardenas', 'totalprice': 111, 'depositpaid': True, 'bookingdates': {'checkin': '2018-01-01', 'checkout': '2019-01-01'}, 'additionalneeds': 'Dinner'}
05_07_2024 03:11:52 PM - api_utilities - <module> - INFO: API executed successfully and the response value in totalprice is 111
05_07_2024 03:11:52 PM - api_validations - <module> - INFO: 111 is present in the response
05_07_2024 03:11:52 PM - Shared_API_Data - <module> - INFO: Retrieved data for key: additionalneeds with value: Dinner
05_07_2024 03:11:52 PM - api_utilities - <module> - INFO: API executed successfully and the response data is {'firstname': 'Larry', 'lastname': 'Cardenas', 'totalprice': 111, 'depositpaid': True, 'bookingdates': {'checkin': '2018-01-01', 'checkout': '2019-01-01'}, 'additionalneeds': 'Dinner'}
05_07_2024 03:11:52 PM - api_utilities - <module> - INFO: API executed successfully and the response value in additionalneeds is Dinner
05_07_2024 03:11:52 PM - api_validations - <module> - INFO: Dinner is present in the response
05_07_2024 03:11:52 PM - api_utilities - <module> - INFO: API executed successfully and the response data is {'firstname': 'Larry', 'lastname': 'Cardenas', 'totalprice': 111, 'depositpaid': True, 'bookingdates': {'checkin': '2018-01-01', 'checkout': '2019-01-01'}, 'additionalneeds': 'Dinner'}
05_07_2024 03:11:52 PM - api_validations - <module> - INFO: Schema validation passed.
05_07_2024 03:11:52 PM - Shared_API_Data - <module> - INFO: Retrieved data for key: booking_id with value: 79
05_07_2024 03:11:52 PM - Shared_API_Data - <module> - INFO: Retrieved data for key: token_id with value: 16aa9a1acfe107b
05_07_2024 03:11:52 PM - Shared_API_Data - <module> - INFO: Retrieved data for key: booking_id with value: 79
05_07_2024 03:11:52 PM - api_actions - <module> - INFO: Performing PATCH request to https://restful-booker.herokuapp.com/booking/79 with payload: None and headers: {'Content-Type': 'application/json', 'Cookie': 'token=16aa9a1acfe107b'}
05_07_2024 03:11:53 PM - api_utilities - <module> - INFO: API executed successfully and the response code: 201
05_07_2024 03:11:53 PM - api_validations - <module> - INFO: Expected response code: 201 is matches the actual code: 201
05_07_2024 03:11:53 PM - conftest - <module> - INFO: testcase End now .....
